15:50:12 INFO  : Registering command handlers for SDK TCF services
15:50:13 INFO  : Launching XSCT server: xsct.bat -interactive F:\Nexys4_MicroBlaze\Nexys4_MicroBlaze.sdk\temp_xsdb_launch_script.tcl
15:50:14 INFO  : XSCT server has started successfully.
15:50:14 INFO  : Successfully done setting XSCT server connection channel  
15:50:14 INFO  : Successfully done setting SDK workspace  
15:50:14 INFO  : Processing command line option -hwspec F:/Nexys4_MicroBlaze/Nexys4_MicroBlaze.sdk/design_1_wrapper.hdf.
15:52:07 INFO  : Connected to target on host '127.0.0.1' and port '3121'.
15:52:08 INFO  : 'targets -set -filter {jtag_cable_name =~ "Digilent Nexys4 210274505537A" && level==0} -index 0' command is executed.
15:52:11 INFO  : FPGA configured successfully with bitstream "F:/Nexys4_MicroBlaze/Nexys4_MicroBlaze.sdk/design_1_wrapper_hw_platform_0/download.bit"
15:52:31 INFO  : 'targets -set -filter {jtag_cable_name =~ "Digilent Nexys4 210274505537A" && level==0} -index 0' command is executed.
15:52:31 INFO  : 'fpga -state' command is executed.
15:52:31 INFO  : Connected to target on host '127.0.0.1' and port '3121'.
15:52:31 INFO  : Jtag cable 'Digilent Nexys4 210274505537A' is selected.
15:52:31 INFO  : 'jtag frequency' command is executed.
15:52:31 INFO  : 'configparams mdm-detect-bscan-mask 2' command is executed.
15:52:31 INFO  : Context for processor 'microblaze_0' is selected.
15:52:31 INFO  : Processor reset is completed for 'microblaze_0'.
15:52:32 INFO  : Context for processor 'microblaze_0' is selected.
15:52:32 INFO  : The application 'F:/Nexys4_MicroBlaze/Nexys4_MicroBlaze.sdk/hello/Debug/hello.elf' is downloaded to processor 'microblaze_0'.
15:52:32 INFO  : ----------------XSDB Script----------------
connect -url tcp:127.0.0.1:3121
configparams mdm-detect-bscan-mask 2
targets -set -nocase -filter {name =~ "microblaze*#0" && bscan=="USER2"  && jtag_cable_name =~ "Digilent Nexys4 210274505537A"} -index 0
rst -processor
targets -set -nocase -filter {name =~ "microblaze*#0" && bscan=="USER2"  && jtag_cable_name =~ "Digilent Nexys4 210274505537A"} -index 0
dow F:/Nexys4_MicroBlaze/Nexys4_MicroBlaze.sdk/hello/Debug/hello.elf
----------------End of Script----------------

15:52:32 INFO  : Memory regions updated for context PA
15:52:32 INFO  : Memory regions updated for context PA
15:52:32 INFO  : Context for processor 'microblaze_0' is selected.
15:52:32 INFO  : 'con' command is executed.
15:52:32 INFO  : ----------------XSDB Script (After Launch)----------------
targets -set -nocase -filter {name =~ "microblaze*#0" && bscan=="USER2"  && jtag_cable_name =~ "Digilent Nexys4 210274505537A"} -index 0
con
----------------End of Script----------------

15:52:32 INFO  : Launch script is exported to file 'F:\Nexys4_MicroBlaze\Nexys4_MicroBlaze.sdk\.sdk\launch_scripts\xilinx_c-c++_application_(system_debugger)\system_debugger_using_debug_hello.elf_on_local.tcl'
16:06:42 INFO  : Disconnected from the channel tcfchan#1.
16:06:43 INFO  : 'targets -set -filter {jtag_cable_name =~ "Digilent Nexys4 210274505537A" && level==0} -index 0' command is executed.
16:06:43 INFO  : 'fpga -state' command is executed.
16:06:43 INFO  : Connected to target on host '127.0.0.1' and port '3121'.
16:06:43 INFO  : Jtag cable 'Digilent Nexys4 210274505537A' is selected.
16:06:43 INFO  : 'jtag frequency' command is executed.
16:06:43 INFO  : 'configparams mdm-detect-bscan-mask 2' command is executed.
16:06:43 INFO  : Context for processor 'microblaze_0' is selected.
16:06:43 INFO  : Processor reset is completed for 'microblaze_0'.
16:06:43 INFO  : Context for processor 'microblaze_0' is selected.
16:06:43 INFO  : The application 'F:/Nexys4_MicroBlaze/Nexys4_MicroBlaze.sdk/seg_test/Debug/seg_test.elf' is downloaded to processor 'microblaze_0'.
16:06:43 INFO  : ----------------XSDB Script----------------
connect -url tcp:127.0.0.1:3121
configparams mdm-detect-bscan-mask 2
targets -set -nocase -filter {name =~ "microblaze*#0" && bscan=="USER2"  && jtag_cable_name =~ "Digilent Nexys4 210274505537A"} -index 0
rst -processor
targets -set -nocase -filter {name =~ "microblaze*#0" && bscan=="USER2"  && jtag_cable_name =~ "Digilent Nexys4 210274505537A"} -index 0
dow F:/Nexys4_MicroBlaze/Nexys4_MicroBlaze.sdk/seg_test/Debug/seg_test.elf
----------------End of Script----------------

16:06:43 INFO  : Memory regions updated for context PA
16:06:43 INFO  : Memory regions updated for context PA
16:06:43 INFO  : Context for processor 'microblaze_0' is selected.
16:06:43 INFO  : 'con' command is executed.
16:06:43 INFO  : ----------------XSDB Script (After Launch)----------------
targets -set -nocase -filter {name =~ "microblaze*#0" && bscan=="USER2"  && jtag_cable_name =~ "Digilent Nexys4 210274505537A"} -index 0
con
----------------End of Script----------------

16:06:43 INFO  : Launch script is exported to file 'F:\Nexys4_MicroBlaze\Nexys4_MicroBlaze.sdk\.sdk\launch_scripts\xilinx_c-c++_application_(system_debugger)\system_debugger_using_debug_seg_test.elf_on_local.tcl'
16:08:31 INFO  : Disconnected from the channel tcfchan#2.
